<?xml version="1.0" encoding="UTF-8"?>
<!-- Generated by org.testng.reporters.JUnitReportReporter -->
<testsuite hostname="Vayuputhra" name="GridTestNG.GridTest.IntegrationTest.WebShopSignInTest3" tests="1" failures="0" timestamp="30 Dec 2016 18:22:38 GMT" time="3.539" errors="0">
  <testcase name="testSteps" time="3.539" classname="GridTestNG.GridTest.IntegrationTest.WebShopSignInTest3"/>
</testsuite> <!-- GridTestNG.GridTest.IntegrationTest.WebShopSignInTest3 -->
