<?xml version="1.0" encoding="UTF-8"?>
<!-- Generated by org.testng.reporters.JUnitReportReporter -->
<testsuite hostname="Vayuputhra" name="GridTestNG.GridTest.IntegrationTest.WebShopSignInTest3" tests="1" failures="0" timestamp="23 Dec 2016 12:18:15 GMT" time="5.444" errors="0">
  <testcase name="testSteps" time="5.444" classname="GridTestNG.GridTest.IntegrationTest.WebShopSignInTest3"/>
</testsuite> <!-- GridTestNG.GridTest.IntegrationTest.WebShopSignInTest3 -->
