<?xml version="1.0" encoding="UTF-8"?>
<!-- Generated by org.testng.reporters.JUnitReportReporter -->
<testsuite hostname="Vayuputhra" name="GridTestNG.GridTest.IntegrationTest.SampleTest" tests="1" failures="0" timestamp="22 Dec 2016 11:36:51 GMT" time="0.012" errors="0">
  <testcase name="f" time="0.012" classname="GridTestNG.GridTest.IntegrationTest.SampleTest"/>
</testsuite> <!-- GridTestNG.GridTest.IntegrationTest.SampleTest -->
